[2019-10-16 16:16:50] local.ERROR: SQLSTATE[42000]: Syntax error or access violation: 1071 Specified key was too long; max key length is 767 bytes (SQL: alter table `users` add unique `users_email_unique`(`email`)) {"exception":"[object] (Illuminate\\Database\\QueryException(code: 42000): SQLSTATE[42000]: Syntax error or access violation: 1071 Specified key was too long; max key length is 767 bytes (SQL: alter table `users` add unique `users_email_unique`(`email`)) at D:\\xampp\\htdocs\\php18\\04_PHP_OOP_and_MVC\\13_L8_middleware\\laravel_students_v6\\vendor\\laravel\\framework\\src\\Illuminate\\Database\\Connection.php:665)
[stacktrace]
#0 D:\\xampp\\htdocs\\php18\\04_PHP_OOP_and_MVC\\13_L8_middleware\\laravel_students_v6\\vendor\\laravel\\framework\\src\\Illuminate\\Database\\Connection.php(625): Illuminate\\Database\\Connection->runQueryCallback('alter table `us...', Array, Object(Closure))
#1 D:\\xampp\\htdocs\\php18\\04_PHP_OOP_and_MVC\\13_L8_middleware\\laravel_students_v6\\vendor\\laravel\\framework\\src\\Illuminate\\Database\\Connection.php(460): Illuminate\\Database\\Connection->run('alter table `us...', Array, Object(Closure))
#2 D:\\xampp\\htdocs\\php18\\04_PHP_OOP_and_MVC\\13_L8_middleware\\laravel_students_v6\\vendor\\laravel\\framework\\src\\Illuminate\\Database\\Schema\\Blueprint.php(97): Illuminate\\Database\\Connection->statement('alter table `us...')
#3 D:\\xampp\\htdocs\\php18\\04_PHP_OOP_and_MVC\\13_L8_middleware\\laravel_students_v6\\vendor\\laravel\\framework\\src\\Illuminate\\Database\\Schema\\Builder.php(290): Illuminate\\Database\\Schema\\Blueprint->build(Object(Illuminate\\Database\\MySqlConnection), Object(Illuminate\\Database\\Schema\\Grammars\\MySqlGrammar))
#4 D:\\xampp\\htdocs\\php18\\04_PHP_OOP_and_MVC\\13_L8_middleware\\laravel_students_v6\\vendor\\laravel\\framework\\src\\Illuminate\\Database\\Schema\\Builder.php(167): Illuminate\\Database\\Schema\\Builder->build(Object(Illuminate\\Database\\Schema\\Blueprint))
#5 D:\\xampp\\htdocs\\php18\\04_PHP_OOP_and_MVC\\13_L8_middleware\\laravel_students_v6\\vendor\\laravel\\framework\\src\\Illuminate\\Support\\Facades\\Facade.php(239): Illuminate\\Database\\Schema\\Builder->create('users', Object(Closure))
#6 D:\\xampp\\htdocs\\php18\\04_PHP_OOP_and_MVC\\13_L8_middleware\\laravel_students_v6\\database\\migrations\\2014_10_12_000000_create_users_table.php(24): Illuminate\\Support\\Facades\\Facade::__callStatic('create', Array)
#7 D:\\xampp\\htdocs\\php18\\04_PHP_OOP_and_MVC\\13_L8_middleware\\laravel_students_v6\\vendor\\laravel\\framework\\src\\Illuminate\\Database\\Migrations\\Migrator.php(387): CreateUsersTable->up()
#8 D:\\xampp\\htdocs\\php18\\04_PHP_OOP_and_MVC\\13_L8_middleware\\laravel_students_v6\\vendor\\laravel\\framework\\src\\Illuminate\\Database\\Migrations\\Migrator.php(396): Illuminate\\Database\\Migrations\\Migrator->Illuminate\\Database\\Migrations\\{closure}()
#9 D:\\xampp\\htdocs\\php18\\04_PHP_OOP_and_MVC\\13_L8_middleware\\laravel_students_v6\\vendor\\laravel\\framework\\src\\Illuminate\\Database\\Migrations\\Migrator.php(197): Illuminate\\Database\\Migrations\\Migrator->runMigration(Object(CreateUsersTable), 'up')
#10 D:\\xampp\\htdocs\\php18\\04_PHP_OOP_and_MVC\\13_L8_middleware\\laravel_students_v6\\vendor\\laravel\\framework\\src\\Illuminate\\Database\\Migrations\\Migrator.php(162): Illuminate\\Database\\Migrations\\Migrator->runUp('D:\\\\xampp\\\\htdocs...', 1, false)
#11 D:\\xampp\\htdocs\\php18\\04_PHP_OOP_and_MVC\\13_L8_middleware\\laravel_students_v6\\vendor\\laravel\\framework\\src\\Illuminate\\Database\\Migrations\\Migrator.php(109): Illuminate\\Database\\Migrations\\Migrator->runPending(Array, Array)
#12 D:\\xampp\\htdocs\\php18\\04_PHP_OOP_and_MVC\\13_L8_middleware\\laravel_students_v6\\vendor\\laravel\\framework\\src\\Illuminate\\Database\\Console\\Migrations\\MigrateCommand.php(71): Illuminate\\Database\\Migrations\\Migrator->run(Array, Array)
#13 [internal function]: Illuminate\\Database\\Console\\Migrations\\MigrateCommand->handle()
#14 D:\\xampp\\htdocs\\php18\\04_PHP_OOP_and_MVC\\13_L8_middleware\\laravel_students_v6\\vendor\\laravel\\framework\\src\\Illuminate\\Container\\BoundMethod.php(32): call_user_func_array(Array, Array)
#15 D:\\xampp\\htdocs\\php18\\04_PHP_OOP_and_MVC\\13_L8_middleware\\laravel_students_v6\\vendor\\laravel\\framework\\src\\Illuminate\\Support\\helpers.php(522): Illuminate\\Container\\BoundMethod::Illuminate\\Container\\{closure}()
#16 D:\\xampp\\htdocs\\php18\\04_PHP_OOP_and_MVC\\13_L8_middleware\\laravel_students_v6\\vendor\\laravel\\framework\\src\\Illuminate\\Container\\BoundMethod.php(90): value(Object(Closure))
#17 D:\\xampp\\htdocs\\php18\\04_PHP_OOP_and_MVC\\13_L8_middleware\\laravel_students_v6\\vendor\\laravel\\framework\\src\\Illuminate\\Container\\BoundMethod.php(34): Illuminate\\Container\\BoundMethod::callBoundMethod(Object(Illuminate\\Foundation\\Application), Array, Object(Closure))
#18 D:\\xampp\\htdocs\\php18\\04_PHP_OOP_and_MVC\\13_L8_middleware\\laravel_students_v6\\vendor\\laravel\\framework\\src\\Illuminate\\Container\\Container.php(591): Illuminate\\Container\\BoundMethod::call(Object(Illuminate\\Foundation\\Application), Array, Array, NULL)
#19 D:\\xampp\\htdocs\\php18\\04_PHP_OOP_and_MVC\\13_L8_middleware\\laravel_students_v6\\vendor\\laravel\\framework\\src\\Illuminate\\Console\\Command.php(202): Illuminate\\Container\\Container->call(Array)
#20 D:\\xampp\\htdocs\\php18\\04_PHP_OOP_and_MVC\\13_L8_middleware\\laravel_students_v6\\vendor\\symfony\\console\\Command\\Command.php(255): Illuminate\\Console\\Command->execute(Object(Symfony\\Component\\Console\\Input\\ArgvInput), Object(Illuminate\\Console\\OutputStyle))
#21 D:\\xampp\\htdocs\\php18\\04_PHP_OOP_and_MVC\\13_L8_middleware\\laravel_students_v6\\vendor\\laravel\\framework\\src\\Illuminate\\Console\\Command.php(189): Symfony\\Component\\Console\\Command\\Command->run(Object(Symfony\\Component\\Console\\Input\\ArgvInput), Object(Illuminate\\Console\\OutputStyle))
#22 D:\\xampp\\htdocs\\php18\\04_PHP_OOP_and_MVC\\13_L8_middleware\\laravel_students_v6\\vendor\\symfony\\console\\Application.php(934): Illuminate\\Console\\Command->run(Object(Symfony\\Component\\Console\\Input\\ArgvInput), Object(Symfony\\Component\\Console\\Output\\ConsoleOutput))
#23 D:\\xampp\\htdocs\\php18\\04_PHP_OOP_and_MVC\\13_L8_middleware\\laravel_students_v6\\vendor\\symfony\\console\\Application.php(273): Symfony\\Component\\Console\\Application->doRunCommand(Object(Illuminate\\Database\\Console\\Migrations\\MigrateCommand), Object(Symfony\\Component\\Console\\Input\\ArgvInput), Object(Symfony\\Component\\Console\\Output\\ConsoleOutput))
#24 D:\\xampp\\htdocs\\php18\\04_PHP_OOP_and_MVC\\13_L8_middleware\\laravel_students_v6\\vendor\\symfony\\console\\Application.php(149): Symfony\\Component\\Console\\Application->doRun(Object(Symfony\\Component\\Console\\Input\\ArgvInput), Object(Symfony\\Component\\Console\\Output\\ConsoleOutput))
#25 D:\\xampp\\htdocs\\php18\\04_PHP_OOP_and_MVC\\13_L8_middleware\\laravel_students_v6\\vendor\\laravel\\framework\\src\\Illuminate\\Console\\Application.php(90): Symfony\\Component\\Console\\Application->run(Object(Symfony\\Component\\Console\\Input\\ArgvInput), Object(Symfony\\Component\\Console\\Output\\ConsoleOutput))
#26 D:\\xampp\\htdocs\\php18\\04_PHP_OOP_and_MVC\\13_L8_middleware\\laravel_students_v6\\vendor\\laravel\\framework\\src\\Illuminate\\Foundation\\Console\\Kernel.php(131): Illuminate\\Console\\Application->run(Object(Symfony\\Component\\Console\\Input\\ArgvInput), Object(Symfony\\Component\\Console\\Output\\ConsoleOutput))
#27 D:\\xampp\\htdocs\\php18\\04_PHP_OOP_and_MVC\\13_L8_middleware\\laravel_students_v6\\artisan(37): Illuminate\\Foundation\\Console\\Kernel->handle(Object(Symfony\\Component\\Console\\Input\\ArgvInput), Object(Symfony\\Component\\Console\\Output\\ConsoleOutput))
#28 {main}

[previous exception] [object] (PDOException(code: 42000): SQLSTATE[42000]: Syntax error or access violation: 1071 Specified key was too long; max key length is 767 bytes at D:\\xampp\\htdocs\\php18\\04_PHP_OOP_and_MVC\\13_L8_middleware\\laravel_students_v6\\vendor\\laravel\\framework\\src\\Illuminate\\Database\\Connection.php:459)
[stacktrace]
#0 D:\\xampp\\htdocs\\php18\\04_PHP_OOP_and_MVC\\13_L8_middleware\\laravel_students_v6\\vendor\\laravel\\framework\\src\\Illuminate\\Database\\Connection.php(459): PDOStatement->execute()
#1 D:\\xampp\\htdocs\\php18\\04_PHP_OOP_and_MVC\\13_L8_middleware\\laravel_students_v6\\vendor\\laravel\\framework\\src\\Illuminate\\Database\\Connection.php(658): Illuminate\\Database\\Connection->Illuminate\\Database\\{closure}('alter table `us...', Array)
#2 D:\\xampp\\htdocs\\php18\\04_PHP_OOP_and_MVC\\13_L8_middleware\\laravel_students_v6\\vendor\\laravel\\framework\\src\\Illuminate\\Database\\Connection.php(625): Illuminate\\Database\\Connection->runQueryCallback('alter table `us...', Array, Object(Closure))
#3 D:\\xampp\\htdocs\\php18\\04_PHP_OOP_and_MVC\\13_L8_middleware\\laravel_students_v6\\vendor\\laravel\\framework\\src\\Illuminate\\Database\\Connection.php(460): Illuminate\\Database\\Connection->run('alter table `us...', Array, Object(Closure))
#4 D:\\xampp\\htdocs\\php18\\04_PHP_OOP_and_MVC\\13_L8_middleware\\laravel_students_v6\\vendor\\laravel\\framework\\src\\Illuminate\\Database\\Schema\\Blueprint.php(97): Illuminate\\Database\\Connection->statement('alter table `us...')
#5 D:\\xampp\\htdocs\\php18\\04_PHP_OOP_and_MVC\\13_L8_middleware\\laravel_students_v6\\vendor\\laravel\\framework\\src\\Illuminate\\Database\\Schema\\Builder.php(290): Illuminate\\Database\\Schema\\Blueprint->build(Object(Illuminate\\Database\\MySqlConnection), Object(Illuminate\\Database\\Schema\\Grammars\\MySqlGrammar))
#6 D:\\xampp\\htdocs\\php18\\04_PHP_OOP_and_MVC\\13_L8_middleware\\laravel_students_v6\\vendor\\laravel\\framework\\src\\Illuminate\\Database\\Schema\\Builder.php(167): Illuminate\\Database\\Schema\\Builder->build(Object(Illuminate\\Database\\Schema\\Blueprint))
#7 D:\\xampp\\htdocs\\php18\\04_PHP_OOP_and_MVC\\13_L8_middleware\\laravel_students_v6\\vendor\\laravel\\framework\\src\\Illuminate\\Support\\Facades\\Facade.php(239): Illuminate\\Database\\Schema\\Builder->create('users', Object(Closure))
#8 D:\\xampp\\htdocs\\php18\\04_PHP_OOP_and_MVC\\13_L8_middleware\\laravel_students_v6\\database\\migrations\\2014_10_12_000000_create_users_table.php(24): Illuminate\\Support\\Facades\\Facade::__callStatic('create', Array)
#9 D:\\xampp\\htdocs\\php18\\04_PHP_OOP_and_MVC\\13_L8_middleware\\laravel_students_v6\\vendor\\laravel\\framework\\src\\Illuminate\\Database\\Migrations\\Migrator.php(387): CreateUsersTable->up()
#10 D:\\xampp\\htdocs\\php18\\04_PHP_OOP_and_MVC\\13_L8_middleware\\laravel_students_v6\\vendor\\laravel\\framework\\src\\Illuminate\\Database\\Migrations\\Migrator.php(396): Illuminate\\Database\\Migrations\\Migrator->Illuminate\\Database\\Migrations\\{closure}()
#11 D:\\xampp\\htdocs\\php18\\04_PHP_OOP_and_MVC\\13_L8_middleware\\laravel_students_v6\\vendor\\laravel\\framework\\src\\Illuminate\\Database\\Migrations\\Migrator.php(197): Illuminate\\Database\\Migrations\\Migrator->runMigration(Object(CreateUsersTable), 'up')
#12 D:\\xampp\\htdocs\\php18\\04_PHP_OOP_and_MVC\\13_L8_middleware\\laravel_students_v6\\vendor\\laravel\\framework\\src\\Illuminate\\Database\\Migrations\\Migrator.php(162): Illuminate\\Database\\Migrations\\Migrator->runUp('D:\\\\xampp\\\\htdocs...', 1, false)
#13 D:\\xampp\\htdocs\\php18\\04_PHP_OOP_and_MVC\\13_L8_middleware\\laravel_students_v6\\vendor\\laravel\\framework\\src\\Illuminate\\Database\\Migrations\\Migrator.php(109): Illuminate\\Database\\Migrations\\Migrator->runPending(Array, Array)
#14 D:\\xampp\\htdocs\\php18\\04_PHP_OOP_and_MVC\\13_L8_middleware\\laravel_students_v6\\vendor\\laravel\\framework\\src\\Illuminate\\Database\\Console\\Migrations\\MigrateCommand.php(71): Illuminate\\Database\\Migrations\\Migrator->run(Array, Array)
#15 [internal function]: Illuminate\\Database\\Console\\Migrations\\MigrateCommand->handle()
#16 D:\\xampp\\htdocs\\php18\\04_PHP_OOP_and_MVC\\13_L8_middleware\\laravel_students_v6\\vendor\\laravel\\framework\\src\\Illuminate\\Container\\BoundMethod.php(32): call_user_func_array(Array, Array)
#17 D:\\xampp\\htdocs\\php18\\04_PHP_OOP_and_MVC\\13_L8_middleware\\laravel_students_v6\\vendor\\laravel\\framework\\src\\Illuminate\\Support\\helpers.php(522): Illuminate\\Container\\BoundMethod::Illuminate\\Container\\{closure}()
#18 D:\\xampp\\htdocs\\php18\\04_PHP_OOP_and_MVC\\13_L8_middleware\\laravel_students_v6\\vendor\\laravel\\framework\\src\\Illuminate\\Container\\BoundMethod.php(90): value(Object(Closure))
#19 D:\\xampp\\htdocs\\php18\\04_PHP_OOP_and_MVC\\13_L8_middleware\\laravel_students_v6\\vendor\\laravel\\framework\\src\\Illuminate\\Container\\BoundMethod.php(34): Illuminate\\Container\\BoundMethod::callBoundMethod(Object(Illuminate\\Foundation\\Application), Array, Object(Closure))
#20 D:\\xampp\\htdocs\\php18\\04_PHP_OOP_and_MVC\\13_L8_middleware\\laravel_students_v6\\vendor\\laravel\\framework\\src\\Illuminate\\Container\\Container.php(591): Illuminate\\Container\\BoundMethod::call(Object(Illuminate\\Foundation\\Application), Array, Array, NULL)
#21 D:\\xampp\\htdocs\\php18\\04_PHP_OOP_and_MVC\\13_L8_middleware\\laravel_students_v6\\vendor\\laravel\\framework\\src\\Illuminate\\Console\\Command.php(202): Illuminate\\Container\\Container->call(Array)
#22 D:\\xampp\\htdocs\\php18\\04_PHP_OOP_and_MVC\\13_L8_middleware\\laravel_students_v6\\vendor\\symfony\\console\\Command\\Command.php(255): Illuminate\\Console\\Command->execute(Object(Symfony\\Component\\Console\\Input\\ArgvInput), Object(Illuminate\\Console\\OutputStyle))
#23 D:\\xampp\\htdocs\\php18\\04_PHP_OOP_and_MVC\\13_L8_middleware\\laravel_students_v6\\vendor\\laravel\\framework\\src\\Illuminate\\Console\\Command.php(189): Symfony\\Component\\Console\\Command\\Command->run(Object(Symfony\\Component\\Console\\Input\\ArgvInput), Object(Illuminate\\Console\\OutputStyle))
#24 D:\\xampp\\htdocs\\php18\\04_PHP_OOP_and_MVC\\13_L8_middleware\\laravel_students_v6\\vendor\\symfony\\console\\Application.php(934): Illuminate\\Console\\Command->run(Object(Symfony\\Component\\Console\\Input\\ArgvInput), Object(Symfony\\Component\\Console\\Output\\ConsoleOutput))
#25 D:\\xampp\\htdocs\\php18\\04_PHP_OOP_and_MVC\\13_L8_middleware\\laravel_students_v6\\vendor\\symfony\\console\\Application.php(273): Symfony\\Component\\Console\\Application->doRunCommand(Object(Illuminate\\Database\\Console\\Migrations\\MigrateCommand), Object(Symfony\\Component\\Console\\Input\\ArgvInput), Object(Symfony\\Component\\Console\\Output\\ConsoleOutput))
#26 D:\\xampp\\htdocs\\php18\\04_PHP_OOP_and_MVC\\13_L8_middleware\\laravel_students_v6\\vendor\\symfony\\console\\Application.php(149): Symfony\\Component\\Console\\Application->doRun(Object(Symfony\\Component\\Console\\Input\\ArgvInput), Object(Symfony\\Component\\Console\\Output\\ConsoleOutput))
#27 D:\\xampp\\htdocs\\php18\\04_PHP_OOP_and_MVC\\13_L8_middleware\\laravel_students_v6\\vendor\\laravel\\framework\\src\\Illuminate\\Console\\Application.php(90): Symfony\\Component\\Console\\Application->run(Object(Symfony\\Component\\Console\\Input\\ArgvInput), Object(Symfony\\Component\\Console\\Output\\ConsoleOutput))
#28 D:\\xampp\\htdocs\\php18\\04_PHP_OOP_and_MVC\\13_L8_middleware\\laravel_students_v6\\vendor\\laravel\\framework\\src\\Illuminate\\Foundation\\Console\\Kernel.php(131): Illuminate\\Console\\Application->run(Object(Symfony\\Component\\Console\\Input\\ArgvInput), Object(Symfony\\Component\\Console\\Output\\ConsoleOutput))
#29 D:\\xampp\\htdocs\\php18\\04_PHP_OOP_and_MVC\\13_L8_middleware\\laravel_students_v6\\artisan(37): Illuminate\\Foundation\\Console\\Kernel->handle(Object(Symfony\\Component\\Console\\Input\\ArgvInput), Object(Symfony\\Component\\Console\\Output\\ConsoleOutput))
#30 {main}
"} 
[2019-10-16 16:36:39] local.ERROR: SQLSTATE[42S02]: Base table or view not found: 1146 Table 'laravel_6.courses' doesn't exist (SQL: select * from `courses`) {"userId":1,"exception":"[object] (Illuminate\\Database\\QueryException(code: 42S02): SQLSTATE[42S02]: Base table or view not found: 1146 Table 'laravel_6.courses' doesn't exist (SQL: select * from `courses`) at D:\\xampp\\htdocs\\php18\\04_PHP_OOP_and_MVC\\13_L8_middleware\\laravel_students_v6\\vendor\\laravel\\framework\\src\\Illuminate\\Database\\Connection.php:665)
[stacktrace]
#0 D:\\xampp\\htdocs\\php18\\04_PHP_OOP_and_MVC\\13_L8_middleware\\laravel_students_v6\\vendor\\laravel\\framework\\src\\Illuminate\\Database\\Connection.php(625): Illuminate\\Database\\Connection->runQueryCallback('select * from `...', Array, Object(Closure))
#1 D:\\xampp\\htdocs\\php18\\04_PHP_OOP_and_MVC\\13_L8_middleware\\laravel_students_v6\\vendor\\laravel\\framework\\src\\Illuminate\\Database\\Connection.php(334): Illuminate\\Database\\Connection->run('select * from `...', Array, Object(Closure))
#2 D:\\xampp\\htdocs\\php18\\04_PHP_OOP_and_MVC\\13_L8_middleware\\laravel_students_v6\\vendor\\laravel\\framework\\src\\Illuminate\\Database\\Query\\Builder.php(2140): Illuminate\\Database\\Connection->select('select * from `...', Array, true)
#3 D:\\xampp\\htdocs\\php18\\04_PHP_OOP_and_MVC\\13_L8_middleware\\laravel_students_v6\\vendor\\laravel\\framework\\src\\Illuminate\\Database\\Query\\Builder.php(2128): Illuminate\\Database\\Query\\Builder->runSelect()
#4 D:\\xampp\\htdocs\\php18\\04_PHP_OOP_and_MVC\\13_L8_middleware\\laravel_students_v6\\vendor\\laravel\\framework\\src\\Illuminate\\Database\\Query\\Builder.php(2572): Illuminate\\Database\\Query\\Builder->Illuminate\\Database\\Query\\{closure}()
#5 D:\\xampp\\htdocs\\php18\\04_PHP_OOP_and_MVC\\13_L8_middleware\\laravel_students_v6\\vendor\\laravel\\framework\\src\\Illuminate\\Database\\Query\\Builder.php(2129): Illuminate\\Database\\Query\\Builder->onceWithColumns(Array, Object(Closure))
#6 D:\\xampp\\htdocs\\php18\\04_PHP_OOP_and_MVC\\13_L8_middleware\\laravel_students_v6\\vendor\\laravel\\framework\\src\\Illuminate\\Database\\Eloquent\\Builder.php(521): Illuminate\\Database\\Query\\Builder->get(Array)
#7 D:\\xampp\\htdocs\\php18\\04_PHP_OOP_and_MVC\\13_L8_middleware\\laravel_students_v6\\vendor\\laravel\\framework\\src\\Illuminate\\Database\\Eloquent\\Builder.php(505): Illuminate\\Database\\Eloquent\\Builder->getModels(Array)
#8 D:\\xampp\\htdocs\\php18\\04_PHP_OOP_and_MVC\\13_L8_middleware\\laravel_students_v6\\vendor\\laravel\\framework\\src\\Illuminate\\Database\\Eloquent\\Model.php(462): Illuminate\\Database\\Eloquent\\Builder->get(Array)
#9 D:\\xampp\\htdocs\\php18\\04_PHP_OOP_and_MVC\\13_L8_middleware\\laravel_students_v6\\app\\Http\\Controllers\\CoursesController.php(19): Illuminate\\Database\\Eloquent\\Model::all()
#10 [internal function]: App\\Http\\Controllers\\CoursesController->index()
#11 D:\\xampp\\htdocs\\php18\\04_PHP_OOP_and_MVC\\13_L8_middleware\\laravel_students_v6\\vendor\\laravel\\framework\\src\\Illuminate\\Routing\\Controller.php(54): call_user_func_array(Array, Array)
#12 D:\\xampp\\htdocs\\php18\\04_PHP_OOP_and_MVC\\13_L8_middleware\\laravel_students_v6\\vendor\\laravel\\framework\\src\\Illuminate\\Routing\\ControllerDispatcher.php(45): Illuminate\\Routing\\Controller->callAction('index', Array)
#13 D:\\xampp\\htdocs\\php18\\04_PHP_OOP_and_MVC\\13_L8_middleware\\laravel_students_v6\\vendor\\laravel\\framework\\src\\Illuminate\\Routing\\Route.php(219): Illuminate\\Routing\\ControllerDispatcher->dispatch(Object(Illuminate\\Routing\\Route), Object(App\\Http\\Controllers\\CoursesController), 'index')
#14 D:\\xampp\\htdocs\\php18\\04_PHP_OOP_and_MVC\\13_L8_middleware\\laravel_students_v6\\vendor\\laravel\\framework\\src\\Illuminate\\Routing\\Route.php(176): Illuminate\\Routing\\Route->runController()
#15 D:\\xampp\\htdocs\\php18\\04_PHP_OOP_and_MVC\\13_L8_middleware\\laravel_students_v6\\vendor\\laravel\\framework\\src\\Illuminate\\Routing\\Router.php(680): Illuminate\\Routing\\Route->run()
#16 D:\\xampp\\htdocs\\php18\\04_PHP_OOP_and_MVC\\13_L8_middleware\\laravel_students_v6\\vendor\\laravel\\framework\\src\\Illuminate\\Pipeline\\Pipeline.php(130): Illuminate\\Routing\\Router->Illuminate\\Routing\\{closure}(Object(Illuminate\\Http\\Request))
#17 D:\\xampp\\htdocs\\php18\\04_PHP_OOP_and_MVC\\13_L8_middleware\\laravel_students_v6\\vendor\\laravel\\framework\\src\\Illuminate\\Routing\\Middleware\\SubstituteBindings.php(41): Illuminate\\Pipeline\\Pipeline->Illuminate\\Pipeline\\{closure}(Object(Illuminate\\Http\\Request))
#18 D:\\xampp\\htdocs\\php18\\04_PHP_OOP_and_MVC\\13_L8_middleware\\laravel_students_v6\\vendor\\laravel\\framework\\src\\Illuminate\\Pipeline\\Pipeline.php(171): Illuminate\\Routing\\Middleware\\SubstituteBindings->handle(Object(Illuminate\\Http\\Request), Object(Closure))
#19 D:\\xampp\\htdocs\\php18\\04_PHP_OOP_and_MVC\\13_L8_middleware\\laravel_students_v6\\vendor\\laravel\\framework\\src\\Illuminate\\Foundation\\Http\\Middleware\\VerifyCsrfToken.php(76): Illuminate\\Pipeline\\Pipeline->Illuminate\\Pipeline\\{closure}(Object(Illuminate\\Http\\Request))
#20 D:\\xampp\\htdocs\\php18\\04_PHP_OOP_and_MVC\\13_L8_middleware\\laravel_students_v6\\vendor\\laravel\\framework\\src\\Illuminate\\Pipeline\\Pipeline.php(171): Illuminate\\Foundation\\Http\\Middleware\\VerifyCsrfToken->handle(Object(Illuminate\\Http\\Request), Object(Closure))
#21 D:\\xampp\\htdocs\\php18\\04_PHP_OOP_and_MVC\\13_L8_middleware\\laravel_students_v6\\vendor\\laravel\\framework\\src\\Illuminate\\View\\Middleware\\ShareErrorsFromSession.php(49): Illuminate\\Pipeline\\Pipeline->Illuminate\\Pipeline\\{closure}(Object(Illuminate\\Http\\Request))
#22 D:\\xampp\\htdocs\\php18\\04_PHP_OOP_and_MVC\\13_L8_middleware\\laravel_students_v6\\vendor\\laravel\\framework\\src\\Illuminate\\Pipeline\\Pipeline.php(171): Illuminate\\View\\Middleware\\ShareErrorsFromSession->handle(Object(Illuminate\\Http\\Request), Object(Closure))
#23 D:\\xampp\\htdocs\\php18\\04_PHP_OOP_and_MVC\\13_L8_middleware\\laravel_students_v6\\vendor\\laravel\\framework\\src\\Illuminate\\Session\\Middleware\\StartSession.php(56): Illuminate\\Pipeline\\Pipeline->Illuminate\\Pipeline\\{closure}(Object(Illuminate\\Http\\Request))
#24 D:\\xampp\\htdocs\\php18\\04_PHP_OOP_and_MVC\\13_L8_middleware\\laravel_students_v6\\vendor\\laravel\\framework\\src\\Illuminate\\Pipeline\\Pipeline.php(171): Illuminate\\Session\\Middleware\\StartSession->handle(Object(Illuminate\\Http\\Request), Object(Closure))
#25 D:\\xampp\\htdocs\\php18\\04_PHP_OOP_and_MVC\\13_L8_middleware\\laravel_students_v6\\vendor\\laravel\\framework\\src\\Illuminate\\Cookie\\Middleware\\AddQueuedCookiesToResponse.php(37): Illuminate\\Pipeline\\Pipeline->Illuminate\\Pipeline\\{closure}(Object(Illuminate\\Http\\Request))
#26 D:\\xampp\\htdocs\\php18\\04_PHP_OOP_and_MVC\\13_L8_middleware\\laravel_students_v6\\vendor\\laravel\\framework\\src\\Illuminate\\Pipeline\\Pipeline.php(171): Illuminate\\Cookie\\Middleware\\AddQueuedCookiesToResponse->handle(Object(Illuminate\\Http\\Request), Object(Closure))
#27 D:\\xampp\\htdocs\\php18\\04_PHP_OOP_and_MVC\\13_L8_middleware\\laravel_students_v6\\vendor\\laravel\\framework\\src\\Illuminate\\Cookie\\Middleware\\EncryptCookies.php(66): Illuminate\\Pipeline\\Pipeline->Illuminate\\Pipeline\\{closure}(Object(Illuminate\\Http\\Request))
#28 D:\\xampp\\htdocs\\php18\\04_PHP_OOP_and_MVC\\13_L8_middleware\\laravel_students_v6\\vendor\\laravel\\framework\\src\\Illuminate\\Pipeline\\Pipeline.php(171): Illuminate\\Cookie\\Middleware\\EncryptCookies->handle(Object(Illuminate\\Http\\Request), Object(Closure))
#29 D:\\xampp\\htdocs\\php18\\04_PHP_OOP_and_MVC\\13_L8_middleware\\laravel_students_v6\\vendor\\laravel\\framework\\src\\Illuminate\\Pipeline\\Pipeline.php(105): Illuminate\\Pipeline\\Pipeline->Illuminate\\Pipeline\\{closure}(Object(Illuminate\\Http\\Request))
#30 D:\\xampp\\htdocs\\php18\\04_PHP_OOP_and_MVC\\13_L8_middleware\\laravel_students_v6\\vendor\\laravel\\framework\\src\\Illuminate\\Routing\\Router.php(682): Illuminate\\Pipeline\\Pipeline->then(Object(Closure))
#31 D:\\xampp\\htdocs\\php18\\04_PHP_OOP_and_MVC\\13_L8_middleware\\laravel_students_v6\\vendor\\laravel\\framework\\src\\Illuminate\\Routing\\Router.php(657): Illuminate\\Routing\\Router->runRouteWithinStack(Object(Illuminate\\Routing\\Route), Object(Illuminate\\Http\\Request))
#32 D:\\xampp\\htdocs\\php18\\04_PHP_OOP_and_MVC\\13_L8_middleware\\laravel_students_v6\\vendor\\laravel\\framework\\src\\Illuminate\\Routing\\Router.php(623): Illuminate\\Routing\\Router->runRoute(Object(Illuminate\\Http\\Request), Object(Illuminate\\Routing\\Route))
#33 D:\\xampp\\htdocs\\php18\\04_PHP_OOP_and_MVC\\13_L8_middleware\\laravel_students_v6\\vendor\\laravel\\framework\\src\\Illuminate\\Routing\\Router.php(612): Illuminate\\Routing\\Router->dispatchToRoute(Object(Illuminate\\Http\\Request))
#34 D:\\xampp\\htdocs\\php18\\04_PHP_OOP_and_MVC\\13_L8_middleware\\laravel_students_v6\\vendor\\laravel\\framework\\src\\Illuminate\\Foundation\\Http\\Kernel.php(176): Illuminate\\Routing\\Router->dispatch(Object(Illuminate\\Http\\Request))
#35 D:\\xampp\\htdocs\\php18\\04_PHP_OOP_and_MVC\\13_L8_middleware\\laravel_students_v6\\vendor\\laravel\\framework\\src\\Illuminate\\Pipeline\\Pipeline.php(130): Illuminate\\Foundation\\Http\\Kernel->Illuminate\\Foundation\\Http\\{closure}(Object(Illuminate\\Http\\Request))
#36 D:\\xampp\\htdocs\\php18\\04_PHP_OOP_and_MVC\\13_L8_middleware\\laravel_students_v6\\vendor\\laravel\\framework\\src\\Illuminate\\Foundation\\Http\\Middleware\\TransformsRequest.php(21): Illuminate\\Pipeline\\Pipeline->Illuminate\\Pipeline\\{closure}(Object(Illuminate\\Http\\Request))
#37 D:\\xampp\\htdocs\\php18\\04_PHP_OOP_and_MVC\\13_L8_middleware\\laravel_students_v6\\vendor\\laravel\\framework\\src\\Illuminate\\Pipeline\\Pipeline.php(171): Illuminate\\Foundation\\Http\\Middleware\\TransformsRequest->handle(Object(Illuminate\\Http\\Request), Object(Closure))
#38 D:\\xampp\\htdocs\\php18\\04_PHP_OOP_and_MVC\\13_L8_middleware\\laravel_students_v6\\vendor\\laravel\\framework\\src\\Illuminate\\Foundation\\Http\\Middleware\\TransformsRequest.php(21): Illuminate\\Pipeline\\Pipeline->Illuminate\\Pipeline\\{closure}(Object(Illuminate\\Http\\Request))
#39 D:\\xampp\\htdocs\\php18\\04_PHP_OOP_and_MVC\\13_L8_middleware\\laravel_students_v6\\vendor\\laravel\\framework\\src\\Illuminate\\Pipeline\\Pipeline.php(171): Illuminate\\Foundation\\Http\\Middleware\\TransformsRequest->handle(Object(Illuminate\\Http\\Request), Object(Closure))
#40 D:\\xampp\\htdocs\\php18\\04_PHP_OOP_and_MVC\\13_L8_middleware\\laravel_students_v6\\vendor\\laravel\\framework\\src\\Illuminate\\Foundation\\Http\\Middleware\\ValidatePostSize.php(27): Illuminate\\Pipeline\\Pipeline->Illuminate\\Pipeline\\{closure}(Object(Illuminate\\Http\\Request))
#41 D:\\xampp\\htdocs\\php18\\04_PHP_OOP_and_MVC\\13_L8_middleware\\laravel_students_v6\\vendor\\laravel\\framework\\src\\Illuminate\\Pipeline\\Pipeline.php(171): Illuminate\\Foundation\\Http\\Middleware\\ValidatePostSize->handle(Object(Illuminate\\Http\\Request), Object(Closure))
#42 D:\\xampp\\htdocs\\php18\\04_PHP_OOP_and_MVC\\13_L8_middleware\\laravel_students_v6\\vendor\\laravel\\framework\\src\\Illuminate\\Foundation\\Http\\Middleware\\CheckForMaintenanceMode.php(62): Illuminate\\Pipeline\\Pipeline->Illuminate\\Pipeline\\{closure}(Object(Illuminate\\Http\\Request))
#43 D:\\xampp\\htdocs\\php18\\04_PHP_OOP_and_MVC\\13_L8_middleware\\laravel_students_v6\\vendor\\laravel\\framework\\src\\Illuminate\\Pipeline\\Pipeline.php(171): Illuminate\\Foundation\\Http\\Middleware\\CheckForMaintenanceMode->handle(Object(Illuminate\\Http\\Request), Object(Closure))
#44 D:\\xampp\\htdocs\\php18\\04_PHP_OOP_and_MVC\\13_L8_middleware\\laravel_students_v6\\vendor\\fideloper\\proxy\\src\\TrustProxies.php(57): Illuminate\\Pipeline\\Pipeline->Illuminate\\Pipeline\\{closure}(Object(Illuminate\\Http\\Request))
#45 D:\\xampp\\htdocs\\php18\\04_PHP_OOP_and_MVC\\13_L8_middleware\\laravel_students_v6\\vendor\\laravel\\framework\\src\\Illuminate\\Pipeline\\Pipeline.php(171): Fideloper\\Proxy\\TrustProxies->handle(Object(Illuminate\\Http\\Request), Object(Closure))
#46 D:\\xampp\\htdocs\\php18\\04_PHP_OOP_and_MVC\\13_L8_middleware\\laravel_students_v6\\vendor\\laravel\\framework\\src\\Illuminate\\Pipeline\\Pipeline.php(105): Illuminate\\Pipeline\\Pipeline->Illuminate\\Pipeline\\{closure}(Object(Illuminate\\Http\\Request))
#47 D:\\xampp\\htdocs\\php18\\04_PHP_OOP_and_MVC\\13_L8_middleware\\laravel_students_v6\\vendor\\laravel\\framework\\src\\Illuminate\\Foundation\\Http\\Kernel.php(151): Illuminate\\Pipeline\\Pipeline->then(Object(Closure))
#48 D:\\xampp\\htdocs\\php18\\04_PHP_OOP_and_MVC\\13_L8_middleware\\laravel_students_v6\\vendor\\laravel\\framework\\src\\Illuminate\\Foundation\\Http\\Kernel.php(116): Illuminate\\Foundation\\Http\\Kernel->sendRequestThroughRouter(Object(Illuminate\\Http\\Request))
#49 D:\\xampp\\htdocs\\php18\\04_PHP_OOP_and_MVC\\13_L8_middleware\\laravel_students_v6\\public\\index.php(55): Illuminate\\Foundation\\Http\\Kernel->handle(Object(Illuminate\\Http\\Request))
#50 {main}

[previous exception] [object] (PDOException(code: 42S02): SQLSTATE[42S02]: Base table or view not found: 1146 Table 'laravel_6.courses' doesn't exist at D:\\xampp\\htdocs\\php18\\04_PHP_OOP_and_MVC\\13_L8_middleware\\laravel_students_v6\\vendor\\laravel\\framework\\src\\Illuminate\\Database\\Connection.php:327)
[stacktrace]
#0 D:\\xampp\\htdocs\\php18\\04_PHP_OOP_and_MVC\\13_L8_middleware\\laravel_students_v6\\vendor\\laravel\\framework\\src\\Illuminate\\Database\\Connection.php(327): PDO->prepare('select * from `...')
#1 D:\\xampp\\htdocs\\php18\\04_PHP_OOP_and_MVC\\13_L8_middleware\\laravel_students_v6\\vendor\\laravel\\framework\\src\\Illuminate\\Database\\Connection.php(658): Illuminate\\Database\\Connection->Illuminate\\Database\\{closure}('select * from `...', Array)
#2 D:\\xampp\\htdocs\\php18\\04_PHP_OOP_and_MVC\\13_L8_middleware\\laravel_students_v6\\vendor\\laravel\\framework\\src\\Illuminate\\Database\\Connection.php(625): Illuminate\\Database\\Connection->runQueryCallback('select * from `...', Array, Object(Closure))
#3 D:\\xampp\\htdocs\\php18\\04_PHP_OOP_and_MVC\\13_L8_middleware\\laravel_students_v6\\vendor\\laravel\\framework\\src\\Illuminate\\Database\\Connection.php(334): Illuminate\\Database\\Connection->run('select * from `...', Array, Object(Closure))
#4 D:\\xampp\\htdocs\\php18\\04_PHP_OOP_and_MVC\\13_L8_middleware\\laravel_students_v6\\vendor\\laravel\\framework\\src\\Illuminate\\Database\\Query\\Builder.php(2140): Illuminate\\Database\\Connection->select('select * from `...', Array, true)
#5 D:\\xampp\\htdocs\\php18\\04_PHP_OOP_and_MVC\\13_L8_middleware\\laravel_students_v6\\vendor\\laravel\\framework\\src\\Illuminate\\Database\\Query\\Builder.php(2128): Illuminate\\Database\\Query\\Builder->runSelect()
#6 D:\\xampp\\htdocs\\php18\\04_PHP_OOP_and_MVC\\13_L8_middleware\\laravel_students_v6\\vendor\\laravel\\framework\\src\\Illuminate\\Database\\Query\\Builder.php(2572): Illuminate\\Database\\Query\\Builder->Illuminate\\Database\\Query\\{closure}()
#7 D:\\xampp\\htdocs\\php18\\04_PHP_OOP_and_MVC\\13_L8_middleware\\laravel_students_v6\\vendor\\laravel\\framework\\src\\Illuminate\\Database\\Query\\Builder.php(2129): Illuminate\\Database\\Query\\Builder->onceWithColumns(Array, Object(Closure))
#8 D:\\xampp\\htdocs\\php18\\04_PHP_OOP_and_MVC\\13_L8_middleware\\laravel_students_v6\\vendor\\laravel\\framework\\src\\Illuminate\\Database\\Eloquent\\Builder.php(521): Illuminate\\Database\\Query\\Builder->get(Array)
#9 D:\\xampp\\htdocs\\php18\\04_PHP_OOP_and_MVC\\13_L8_middleware\\laravel_students_v6\\vendor\\laravel\\framework\\src\\Illuminate\\Database\\Eloquent\\Builder.php(505): Illuminate\\Database\\Eloquent\\Builder->getModels(Array)
#10 D:\\xampp\\htdocs\\php18\\04_PHP_OOP_and_MVC\\13_L8_middleware\\laravel_students_v6\\vendor\\laravel\\framework\\src\\Illuminate\\Database\\Eloquent\\Model.php(462): Illuminate\\Database\\Eloquent\\Builder->get(Array)
#11 D:\\xampp\\htdocs\\php18\\04_PHP_OOP_and_MVC\\13_L8_middleware\\laravel_students_v6\\app\\Http\\Controllers\\CoursesController.php(19): Illuminate\\Database\\Eloquent\\Model::all()
#12 [internal function]: App\\Http\\Controllers\\CoursesController->index()
#13 D:\\xampp\\htdocs\\php18\\04_PHP_OOP_and_MVC\\13_L8_middleware\\laravel_students_v6\\vendor\\laravel\\framework\\src\\Illuminate\\Routing\\Controller.php(54): call_user_func_array(Array, Array)
#14 D:\\xampp\\htdocs\\php18\\04_PHP_OOP_and_MVC\\13_L8_middleware\\laravel_students_v6\\vendor\\laravel\\framework\\src\\Illuminate\\Routing\\ControllerDispatcher.php(45): Illuminate\\Routing\\Controller->callAction('index', Array)
#15 D:\\xampp\\htdocs\\php18\\04_PHP_OOP_and_MVC\\13_L8_middleware\\laravel_students_v6\\vendor\\laravel\\framework\\src\\Illuminate\\Routing\\Route.php(219): Illuminate\\Routing\\ControllerDispatcher->dispatch(Object(Illuminate\\Routing\\Route), Object(App\\Http\\Controllers\\CoursesController), 'index')
#16 D:\\xampp\\htdocs\\php18\\04_PHP_OOP_and_MVC\\13_L8_middleware\\laravel_students_v6\\vendor\\laravel\\framework\\src\\Illuminate\\Routing\\Route.php(176): Illuminate\\Routing\\Route->runController()
#17 D:\\xampp\\htdocs\\php18\\04_PHP_OOP_and_MVC\\13_L8_middleware\\laravel_students_v6\\vendor\\laravel\\framework\\src\\Illuminate\\Routing\\Router.php(680): Illuminate\\Routing\\Route->run()
#18 D:\\xampp\\htdocs\\php18\\04_PHP_OOP_and_MVC\\13_L8_middleware\\laravel_students_v6\\vendor\\laravel\\framework\\src\\Illuminate\\Pipeline\\Pipeline.php(130): Illuminate\\Routing\\Router->Illuminate\\Routing\\{closure}(Object(Illuminate\\Http\\Request))
#19 D:\\xampp\\htdocs\\php18\\04_PHP_OOP_and_MVC\\13_L8_middleware\\laravel_students_v6\\vendor\\laravel\\framework\\src\\Illuminate\\Routing\\Middleware\\SubstituteBindings.php(41): Illuminate\\Pipeline\\Pipeline->Illuminate\\Pipeline\\{closure}(Object(Illuminate\\Http\\Request))
#20 D:\\xampp\\htdocs\\php18\\04_PHP_OOP_and_MVC\\13_L8_middleware\\laravel_students_v6\\vendor\\laravel\\framework\\src\\Illuminate\\Pipeline\\Pipeline.php(171): Illuminate\\Routing\\Middleware\\SubstituteBindings->handle(Object(Illuminate\\Http\\Request), Object(Closure))
#21 D:\\xampp\\htdocs\\php18\\04_PHP_OOP_and_MVC\\13_L8_middleware\\laravel_students_v6\\vendor\\laravel\\framework\\src\\Illuminate\\Foundation\\Http\\Middleware\\VerifyCsrfToken.php(76): Illuminate\\Pipeline\\Pipeline->Illuminate\\Pipeline\\{closure}(Object(Illuminate\\Http\\Request))
#22 D:\\xampp\\htdocs\\php18\\04_PHP_OOP_and_MVC\\13_L8_middleware\\laravel_students_v6\\vendor\\laravel\\framework\\src\\Illuminate\\Pipeline\\Pipeline.php(171): Illuminate\\Foundation\\Http\\Middleware\\VerifyCsrfToken->handle(Object(Illuminate\\Http\\Request), Object(Closure))
#23 D:\\xampp\\htdocs\\php18\\04_PHP_OOP_and_MVC\\13_L8_middleware\\laravel_students_v6\\vendor\\laravel\\framework\\src\\Illuminate\\View\\Middleware\\ShareErrorsFromSession.php(49): Illuminate\\Pipeline\\Pipeline->Illuminate\\Pipeline\\{closure}(Object(Illuminate\\Http\\Request))
#24 D:\\xampp\\htdocs\\php18\\04_PHP_OOP_and_MVC\\13_L8_middleware\\laravel_students_v6\\vendor\\laravel\\framework\\src\\Illuminate\\Pipeline\\Pipeline.php(171): Illuminate\\View\\Middleware\\ShareErrorsFromSession->handle(Object(Illuminate\\Http\\Request), Object(Closure))
#25 D:\\xampp\\htdocs\\php18\\04_PHP_OOP_and_MVC\\13_L8_middleware\\laravel_students_v6\\vendor\\laravel\\framework\\src\\Illuminate\\Session\\Middleware\\StartSession.php(56): Illuminate\\Pipeline\\Pipeline->Illuminate\\Pipeline\\{closure}(Object(Illuminate\\Http\\Request))
#26 D:\\xampp\\htdocs\\php18\\04_PHP_OOP_and_MVC\\13_L8_middleware\\laravel_students_v6\\vendor\\laravel\\framework\\src\\Illuminate\\Pipeline\\Pipeline.php(171): Illuminate\\Session\\Middleware\\StartSession->handle(Object(Illuminate\\Http\\Request), Object(Closure))
#27 D:\\xampp\\htdocs\\php18\\04_PHP_OOP_and_MVC\\13_L8_middleware\\laravel_students_v6\\vendor\\laravel\\framework\\src\\Illuminate\\Cookie\\Middleware\\AddQueuedCookiesToResponse.php(37): Illuminate\\Pipeline\\Pipeline->Illuminate\\Pipeline\\{closure}(Object(Illuminate\\Http\\Request))
#28 D:\\xampp\\htdocs\\php18\\04_PHP_OOP_and_MVC\\13_L8_middleware\\laravel_students_v6\\vendor\\laravel\\framework\\src\\Illuminate\\Pipeline\\Pipeline.php(171): Illuminate\\Cookie\\Middleware\\AddQueuedCookiesToResponse->handle(Object(Illuminate\\Http\\Request), Object(Closure))
#29 D:\\xampp\\htdocs\\php18\\04_PHP_OOP_and_MVC\\13_L8_middleware\\laravel_students_v6\\vendor\\laravel\\framework\\src\\Illuminate\\Cookie\\Middleware\\EncryptCookies.php(66): Illuminate\\Pipeline\\Pipeline->Illuminate\\Pipeline\\{closure}(Object(Illuminate\\Http\\Request))
#30 D:\\xampp\\htdocs\\php18\\04_PHP_OOP_and_MVC\\13_L8_middleware\\laravel_students_v6\\vendor\\laravel\\framework\\src\\Illuminate\\Pipeline\\Pipeline.php(171): Illuminate\\Cookie\\Middleware\\EncryptCookies->handle(Object(Illuminate\\Http\\Request), Object(Closure))
#31 D:\\xampp\\htdocs\\php18\\04_PHP_OOP_and_MVC\\13_L8_middleware\\laravel_students_v6\\vendor\\laravel\\framework\\src\\Illuminate\\Pipeline\\Pipeline.php(105): Illuminate\\Pipeline\\Pipeline->Illuminate\\Pipeline\\{closure}(Object(Illuminate\\Http\\Request))
#32 D:\\xampp\\htdocs\\php18\\04_PHP_OOP_and_MVC\\13_L8_middleware\\laravel_students_v6\\vendor\\laravel\\framework\\src\\Illuminate\\Routing\\Router.php(682): Illuminate\\Pipeline\\Pipeline->then(Object(Closure))
#33 D:\\xampp\\htdocs\\php18\\04_PHP_OOP_and_MVC\\13_L8_middleware\\laravel_students_v6\\vendor\\laravel\\framework\\src\\Illuminate\\Routing\\Router.php(657): Illuminate\\Routing\\Router->runRouteWithinStack(Object(Illuminate\\Routing\\Route), Object(Illuminate\\Http\\Request))
#34 D:\\xampp\\htdocs\\php18\\04_PHP_OOP_and_MVC\\13_L8_middleware\\laravel_students_v6\\vendor\\laravel\\framework\\src\\Illuminate\\Routing\\Router.php(623): Illuminate\\Routing\\Router->runRoute(Object(Illuminate\\Http\\Request), Object(Illuminate\\Routing\\Route))
#35 D:\\xampp\\htdocs\\php18\\04_PHP_OOP_and_MVC\\13_L8_middleware\\laravel_students_v6\\vendor\\laravel\\framework\\src\\Illuminate\\Routing\\Router.php(612): Illuminate\\Routing\\Router->dispatchToRoute(Object(Illuminate\\Http\\Request))
#36 D:\\xampp\\htdocs\\php18\\04_PHP_OOP_and_MVC\\13_L8_middleware\\laravel_students_v6\\vendor\\laravel\\framework\\src\\Illuminate\\Foundation\\Http\\Kernel.php(176): Illuminate\\Routing\\Router->dispatch(Object(Illuminate\\Http\\Request))
#37 D:\\xampp\\htdocs\\php18\\04_PHP_OOP_and_MVC\\13_L8_middleware\\laravel_students_v6\\vendor\\laravel\\framework\\src\\Illuminate\\Pipeline\\Pipeline.php(130): Illuminate\\Foundation\\Http\\Kernel->Illuminate\\Foundation\\Http\\{closure}(Object(Illuminate\\Http\\Request))
#38 D:\\xampp\\htdocs\\php18\\04_PHP_OOP_and_MVC\\13_L8_middleware\\laravel_students_v6\\vendor\\laravel\\framework\\src\\Illuminate\\Foundation\\Http\\Middleware\\TransformsRequest.php(21): Illuminate\\Pipeline\\Pipeline->Illuminate\\Pipeline\\{closure}(Object(Illuminate\\Http\\Request))
#39 D:\\xampp\\htdocs\\php18\\04_PHP_OOP_and_MVC\\13_L8_middleware\\laravel_students_v6\\vendor\\laravel\\framework\\src\\Illuminate\\Pipeline\\Pipeline.php(171): Illuminate\\Foundation\\Http\\Middleware\\TransformsRequest->handle(Object(Illuminate\\Http\\Request), Object(Closure))
#40 D:\\xampp\\htdocs\\php18\\04_PHP_OOP_and_MVC\\13_L8_middleware\\laravel_students_v6\\vendor\\laravel\\framework\\src\\Illuminate\\Foundation\\Http\\Middleware\\TransformsRequest.php(21): Illuminate\\Pipeline\\Pipeline->Illuminate\\Pipeline\\{closure}(Object(Illuminate\\Http\\Request))
#41 D:\\xampp\\htdocs\\php18\\04_PHP_OOP_and_MVC\\13_L8_middleware\\laravel_students_v6\\vendor\\laravel\\framework\\src\\Illuminate\\Pipeline\\Pipeline.php(171): Illuminate\\Foundation\\Http\\Middleware\\TransformsRequest->handle(Object(Illuminate\\Http\\Request), Object(Closure))
#42 D:\\xampp\\htdocs\\php18\\04_PHP_OOP_and_MVC\\13_L8_middleware\\laravel_students_v6\\vendor\\laravel\\framework\\src\\Illuminate\\Foundation\\Http\\Middleware\\ValidatePostSize.php(27): Illuminate\\Pipeline\\Pipeline->Illuminate\\Pipeline\\{closure}(Object(Illuminate\\Http\\Request))
#43 D:\\xampp\\htdocs\\php18\\04_PHP_OOP_and_MVC\\13_L8_middleware\\laravel_students_v6\\vendor\\laravel\\framework\\src\\Illuminate\\Pipeline\\Pipeline.php(171): Illuminate\\Foundation\\Http\\Middleware\\ValidatePostSize->handle(Object(Illuminate\\Http\\Request), Object(Closure))
#44 D:\\xampp\\htdocs\\php18\\04_PHP_OOP_and_MVC\\13_L8_middleware\\laravel_students_v6\\vendor\\laravel\\framework\\src\\Illuminate\\Foundation\\Http\\Middleware\\CheckForMaintenanceMode.php(62): Illuminate\\Pipeline\\Pipeline->Illuminate\\Pipeline\\{closure}(Object(Illuminate\\Http\\Request))
#45 D:\\xampp\\htdocs\\php18\\04_PHP_OOP_and_MVC\\13_L8_middleware\\laravel_students_v6\\vendor\\laravel\\framework\\src\\Illuminate\\Pipeline\\Pipeline.php(171): Illuminate\\Foundation\\Http\\Middleware\\CheckForMaintenanceMode->handle(Object(Illuminate\\Http\\Request), Object(Closure))
#46 D:\\xampp\\htdocs\\php18\\04_PHP_OOP_and_MVC\\13_L8_middleware\\laravel_students_v6\\vendor\\fideloper\\proxy\\src\\TrustProxies.php(57): Illuminate\\Pipeline\\Pipeline->Illuminate\\Pipeline\\{closure}(Object(Illuminate\\Http\\Request))
#47 D:\\xampp\\htdocs\\php18\\04_PHP_OOP_and_MVC\\13_L8_middleware\\laravel_students_v6\\vendor\\laravel\\framework\\src\\Illuminate\\Pipeline\\Pipeline.php(171): Fideloper\\Proxy\\TrustProxies->handle(Object(Illuminate\\Http\\Request), Object(Closure))
#48 D:\\xampp\\htdocs\\php18\\04_PHP_OOP_and_MVC\\13_L8_middleware\\laravel_students_v6\\vendor\\laravel\\framework\\src\\Illuminate\\Pipeline\\Pipeline.php(105): Illuminate\\Pipeline\\Pipeline->Illuminate\\Pipeline\\{closure}(Object(Illuminate\\Http\\Request))
#49 D:\\xampp\\htdocs\\php18\\04_PHP_OOP_and_MVC\\13_L8_middleware\\laravel_students_v6\\vendor\\laravel\\framework\\src\\Illuminate\\Foundation\\Http\\Kernel.php(151): Illuminate\\Pipeline\\Pipeline->then(Object(Closure))
#50 D:\\xampp\\htdocs\\php18\\04_PHP_OOP_and_MVC\\13_L8_middleware\\laravel_students_v6\\vendor\\laravel\\framework\\src\\Illuminate\\Foundation\\Http\\Kernel.php(116): Illuminate\\Foundation\\Http\\Kernel->sendRequestThroughRouter(Object(Illuminate\\Http\\Request))
#51 D:\\xampp\\htdocs\\php18\\04_PHP_OOP_and_MVC\\13_L8_middleware\\laravel_students_v6\\public\\index.php(55): Illuminate\\Foundation\\Http\\Kernel->handle(Object(Illuminate\\Http\\Request))
#52 {main}
"} 
[2019-10-16 16:37:33] local.ERROR: View [layouts.master] not found. (View: D:\xampp\htdocs\php18\04_PHP_OOP_and_MVC\13_L8_middleware\laravel_students_v6\resources\views\courses\index.blade.php) {"userId":1,"exception":"[object] (Facade\\Ignition\\Exceptions\\ViewException(code: 0): View [layouts.master] not found. (View: D:\\xampp\\htdocs\\php18\\04_PHP_OOP_and_MVC\\13_L8_middleware\\laravel_students_v6\esources\\views\\courses\\index.blade.php) at D:\\xampp\\htdocs\\php18\\04_PHP_OOP_and_MVC\\13_L8_middleware\\laravel_students_v6\\vendor\\laravel\\framework\\src\\Illuminate\\View\\FileViewFinder.php:137)
[stacktrace]
#0 D:\\xampp\\htdocs\\php18\\04_PHP_OOP_and_MVC\\13_L8_middleware\\laravel_students_v6\\vendor\\laravel\\framework\\src\\Illuminate\\View\\FileViewFinder.php(79): Illuminate\\View\\FileViewFinder->findInPaths('layouts.master', Array)
#1 D:\\xampp\\htdocs\\php18\\04_PHP_OOP_and_MVC\\13_L8_middleware\\laravel_students_v6\\vendor\\laravel\\framework\\src\\Illuminate\\View\\Factory.php(131): Illuminate\\View\\FileViewFinder->find('layouts.master')
#2 D:\\xampp\\htdocs\\php18\\04_PHP_OOP_and_MVC\\13_L8_middleware\\laravel_students_v6\esources\\views/courses/index.blade.php(31): Illuminate\\View\\Factory->make('layouts.master', Array)
#3 D:\\xampp\\htdocs\\php18\\04_PHP_OOP_and_MVC\\13_L8_middleware\\laravel_students_v6\\vendor\\laravel\\framework\\src\\Illuminate\\View\\Engines\\PhpEngine.php(43): include('D:\\\\xampp\\\\htdocs...')
#4 D:\\xampp\\htdocs\\php18\\04_PHP_OOP_and_MVC\\13_L8_middleware\\laravel_students_v6\\vendor\\laravel\\framework\\src\\Illuminate\\View\\Engines\\CompilerEngine.php(59): Illuminate\\View\\Engines\\PhpEngine->evaluatePath('D:\\\\xampp\\\\htdocs...', Array)
#5 D:\\xampp\\htdocs\\php18\\04_PHP_OOP_and_MVC\\13_L8_middleware\\laravel_students_v6\\vendor\\facade\\ignition\\src\\Views\\Engines\\CompilerEngine.php(36): Illuminate\\View\\Engines\\CompilerEngine->get('D:\\\\xampp\\\\htdocs...', Array)
#6 D:\\xampp\\htdocs\\php18\\04_PHP_OOP_and_MVC\\13_L8_middleware\\laravel_students_v6\\vendor\\laravel\\framework\\src\\Illuminate\\View\\View.php(143): Facade\\Ignition\\Views\\Engines\\CompilerEngine->get('D:\\\\xampp\\\\htdocs...', Array)
#7 D:\\xampp\\htdocs\\php18\\04_PHP_OOP_and_MVC\\13_L8_middleware\\laravel_students_v6\\vendor\\laravel\\framework\\src\\Illuminate\\View\\View.php(126): Illuminate\\View\\View->getContents()
#8 D:\\xampp\\htdocs\\php18\\04_PHP_OOP_and_MVC\\13_L8_middleware\\laravel_students_v6\\vendor\\laravel\\framework\\src\\Illuminate\\View\\View.php(91): Illuminate\\View\\View->renderContents()
#9 D:\\xampp\\htdocs\\php18\\04_PHP_OOP_and_MVC\\13_L8_middleware\\laravel_students_v6\\vendor\\laravel\\framework\\src\\Illuminate\\Http\\Response.php(42): Illuminate\\View\\View->render()
#10 D:\\xampp\\htdocs\\php18\\04_PHP_OOP_and_MVC\\13_L8_middleware\\laravel_students_v6\\vendor\\symfony\\http-foundation\\Response.php(202): Illuminate\\Http\\Response->setContent(Object(Illuminate\\View\\View))
#11 D:\\xampp\\htdocs\\php18\\04_PHP_OOP_and_MVC\\13_L8_middleware\\laravel_students_v6\\vendor\\laravel\\framework\\src\\Illuminate\\Routing\\Router.php(748): Symfony\\Component\\HttpFoundation\\Response->__construct(Object(Illuminate\\View\\View))
#12 D:\\xampp\\htdocs\\php18\\04_PHP_OOP_and_MVC\\13_L8_middleware\\laravel_students_v6\\vendor\\laravel\\framework\\src\\Illuminate\\Routing\\Router.php(720): Illuminate\\Routing\\Router::toResponse(Object(Illuminate\\Http\\Request), Object(Illuminate\\View\\View))
#13 D:\\xampp\\htdocs\\php18\\04_PHP_OOP_and_MVC\\13_L8_middleware\\laravel_students_v6\\vendor\\laravel\\framework\\src\\Illuminate\\Routing\\Router.php(680): Illuminate\\Routing\\Router->prepareResponse(Object(Illuminate\\Http\\Request), Object(Illuminate\\View\\View))
#14 D:\\xampp\\htdocs\\php18\\04_PHP_OOP_and_MVC\\13_L8_middleware\\laravel_students_v6\\vendor\\laravel\\framework\\src\\Illuminate\\Pipeline\\Pipeline.php(130): Illuminate\\Routing\\Router->Illuminate\\Routing\\{closure}(Object(Illuminate\\Http\\Request))
#15 D:\\xampp\\htdocs\\php18\\04_PHP_OOP_and_MVC\\13_L8_middleware\\laravel_students_v6\\vendor\\laravel\\framework\\src\\Illuminate\\Routing\\Middleware\\SubstituteBindings.php(41): Illuminate\\Pipeline\\Pipeline->Illuminate\\Pipeline\\{closure}(Object(Illuminate\\Http\\Request))
#16 D:\\xampp\\htdocs\\php18\\04_PHP_OOP_and_MVC\\13_L8_middleware\\laravel_students_v6\\vendor\\laravel\\framework\\src\\Illuminate\\Pipeline\\Pipeline.php(171): Illuminate\\Routing\\Middleware\\SubstituteBindings->handle(Object(Illuminate\\Http\\Request), Object(Closure))
#17 D:\\xampp\\htdocs\\php18\\04_PHP_OOP_and_MVC\\13_L8_middleware\\laravel_students_v6\\vendor\\laravel\\framework\\src\\Illuminate\\Foundation\\Http\\Middleware\\VerifyCsrfToken.php(76): Illuminate\\Pipeline\\Pipeline->Illuminate\\Pipeline\\{closure}(Object(Illuminate\\Http\\Request))
#18 D:\\xampp\\htdocs\\php18\\04_PHP_OOP_and_MVC\\13_L8_middleware\\laravel_students_v6\\vendor\\laravel\\framework\\src\\Illuminate\\Pipeline\\Pipeline.php(171): Illuminate\\Foundation\\Http\\Middleware\\VerifyCsrfToken->handle(Object(Illuminate\\Http\\Request), Object(Closure))
#19 D:\\xampp\\htdocs\\php18\\04_PHP_OOP_and_MVC\\13_L8_middleware\\laravel_students_v6\\vendor\\laravel\\framework\\src\\Illuminate\\View\\Middleware\\ShareErrorsFromSession.php(49): Illuminate\\Pipeline\\Pipeline->Illuminate\\Pipeline\\{closure}(Object(Illuminate\\Http\\Request))
#20 D:\\xampp\\htdocs\\php18\\04_PHP_OOP_and_MVC\\13_L8_middleware\\laravel_students_v6\\vendor\\laravel\\framework\\src\\Illuminate\\Pipeline\\Pipeline.php(171): Illuminate\\View\\Middleware\\ShareErrorsFromSession->handle(Object(Illuminate\\Http\\Request), Object(Closure))
#21 D:\\xampp\\htdocs\\php18\\04_PHP_OOP_and_MVC\\13_L8_middleware\\laravel_students_v6\\vendor\\laravel\\framework\\src\\Illuminate\\Session\\Middleware\\StartSession.php(56): Illuminate\\Pipeline\\Pipeline->Illuminate\\Pipeline\\{closure}(Object(Illuminate\\Http\\Request))
#22 D:\\xampp\\htdocs\\php18\\04_PHP_OOP_and_MVC\\13_L8_middleware\\laravel_students_v6\\vendor\\laravel\\framework\\src\\Illuminate\\Pipeline\\Pipeline.php(171): Illuminate\\Session\\Middleware\\StartSession->handle(Object(Illuminate\\Http\\Request), Object(Closure))
#23 D:\\xampp\\htdocs\\php18\\04_PHP_OOP_and_MVC\\13_L8_middleware\\laravel_students_v6\\vendor\\laravel\\framework\\src\\Illuminate\\Cookie\\Middleware\\AddQueuedCookiesToResponse.php(37): Illuminate\\Pipeline\\Pipeline->Illuminate\\Pipeline\\{closure}(Object(Illuminate\\Http\\Request))
#24 D:\\xampp\\htdocs\\php18\\04_PHP_OOP_and_MVC\\13_L8_middleware\\laravel_students_v6\\vendor\\laravel\\framework\\src\\Illuminate\\Pipeline\\Pipeline.php(171): Illuminate\\Cookie\\Middleware\\AddQueuedCookiesToResponse->handle(Object(Illuminate\\Http\\Request), Object(Closure))
#25 D:\\xampp\\htdocs\\php18\\04_PHP_OOP_and_MVC\\13_L8_middleware\\laravel_students_v6\\vendor\\laravel\\framework\\src\\Illuminate\\Cookie\\Middleware\\EncryptCookies.php(66): Illuminate\\Pipeline\\Pipeline->Illuminate\\Pipeline\\{closure}(Object(Illuminate\\Http\\Request))
#26 D:\\xampp\\htdocs\\php18\\04_PHP_OOP_and_MVC\\13_L8_middleware\\laravel_students_v6\\vendor\\laravel\\framework\\src\\Illuminate\\Pipeline\\Pipeline.php(171): Illuminate\\Cookie\\Middleware\\EncryptCookies->handle(Object(Illuminate\\Http\\Request), Object(Closure))
#27 D:\\xampp\\htdocs\\php18\\04_PHP_OOP_and_MVC\\13_L8_middleware\\laravel_students_v6\\vendor\\laravel\\framework\\src\\Illuminate\\Pipeline\\Pipeline.php(105): Illuminate\\Pipeline\\Pipeline->Illuminate\\Pipeline\\{closure}(Object(Illuminate\\Http\\Request))
#28 D:\\xampp\\htdocs\\php18\\04_PHP_OOP_and_MVC\\13_L8_middleware\\laravel_students_v6\\vendor\\laravel\\framework\\src\\Illuminate\\Routing\\Router.php(682): Illuminate\\Pipeline\\Pipeline->then(Object(Closure))
#29 D:\\xampp\\htdocs\\php18\\04_PHP_OOP_and_MVC\\13_L8_middleware\\laravel_students_v6\\vendor\\laravel\\framework\\src\\Illuminate\\Routing\\Router.php(657): Illuminate\\Routing\\Router->runRouteWithinStack(Object(Illuminate\\Routing\\Route), Object(Illuminate\\Http\\Request))
#30 D:\\xampp\\htdocs\\php18\\04_PHP_OOP_and_MVC\\13_L8_middleware\\laravel_students_v6\\vendor\\laravel\\framework\\src\\Illuminate\\Routing\\Router.php(623): Illuminate\\Routing\\Router->runRoute(Object(Illuminate\\Http\\Request), Object(Illuminate\\Routing\\Route))
#31 D:\\xampp\\htdocs\\php18\\04_PHP_OOP_and_MVC\\13_L8_middleware\\laravel_students_v6\\vendor\\laravel\\framework\\src\\Illuminate\\Routing\\Router.php(612): Illuminate\\Routing\\Router->dispatchToRoute(Object(Illuminate\\Http\\Request))
#32 D:\\xampp\\htdocs\\php18\\04_PHP_OOP_and_MVC\\13_L8_middleware\\laravel_students_v6\\vendor\\laravel\\framework\\src\\Illuminate\\Foundation\\Http\\Kernel.php(176): Illuminate\\Routing\\Router->dispatch(Object(Illuminate\\Http\\Request))
#33 D:\\xampp\\htdocs\\php18\\04_PHP_OOP_and_MVC\\13_L8_middleware\\laravel_students_v6\\vendor\\laravel\\framework\\src\\Illuminate\\Pipeline\\Pipeline.php(130): Illuminate\\Foundation\\Http\\Kernel->Illuminate\\Foundation\\Http\\{closure}(Object(Illuminate\\Http\\Request))
#34 D:\\xampp\\htdocs\\php18\\04_PHP_OOP_and_MVC\\13_L8_middleware\\laravel_students_v6\\vendor\\laravel\\framework\\src\\Illuminate\\Foundation\\Http\\Middleware\\TransformsRequest.php(21): Illuminate\\Pipeline\\Pipeline->Illuminate\\Pipeline\\{closure}(Object(Illuminate\\Http\\Request))
#35 D:\\xampp\\htdocs\\php18\\04_PHP_OOP_and_MVC\\13_L8_middleware\\laravel_students_v6\\vendor\\laravel\\framework\\src\\Illuminate\\Pipeline\\Pipeline.php(171): Illuminate\\Foundation\\Http\\Middleware\\TransformsRequest->handle(Object(Illuminate\\Http\\Request), Object(Closure))
#36 D:\\xampp\\htdocs\\php18\\04_PHP_OOP_and_MVC\\13_L8_middleware\\laravel_students_v6\\vendor\\laravel\\framework\\src\\Illuminate\\Foundation\\Http\\Middleware\\TransformsRequest.php(21): Illuminate\\Pipeline\\Pipeline->Illuminate\\Pipeline\\{closure}(Object(Illuminate\\Http\\Request))
#37 D:\\xampp\\htdocs\\php18\\04_PHP_OOP_and_MVC\\13_L8_middleware\\laravel_students_v6\\vendor\\laravel\\framework\\src\\Illuminate\\Pipeline\\Pipeline.php(171): Illuminate\\Foundation\\Http\\Middleware\\TransformsRequest->handle(Object(Illuminate\\Http\\Request), Object(Closure))
#38 D:\\xampp\\htdocs\\php18\\04_PHP_OOP_and_MVC\\13_L8_middleware\\laravel_students_v6\\vendor\\laravel\\framework\\src\\Illuminate\\Foundation\\Http\\Middleware\\ValidatePostSize.php(27): Illuminate\\Pipeline\\Pipeline->Illuminate\\Pipeline\\{closure}(Object(Illuminate\\Http\\Request))
#39 D:\\xampp\\htdocs\\php18\\04_PHP_OOP_and_MVC\\13_L8_middleware\\laravel_students_v6\\vendor\\laravel\\framework\\src\\Illuminate\\Pipeline\\Pipeline.php(171): Illuminate\\Foundation\\Http\\Middleware\\ValidatePostSize->handle(Object(Illuminate\\Http\\Request), Object(Closure))
#40 D:\\xampp\\htdocs\\php18\\04_PHP_OOP_and_MVC\\13_L8_middleware\\laravel_students_v6\\vendor\\laravel\\framework\\src\\Illuminate\\Foundation\\Http\\Middleware\\CheckForMaintenanceMode.php(62): Illuminate\\Pipeline\\Pipeline->Illuminate\\Pipeline\\{closure}(Object(Illuminate\\Http\\Request))
#41 D:\\xampp\\htdocs\\php18\\04_PHP_OOP_and_MVC\\13_L8_middleware\\laravel_students_v6\\vendor\\laravel\\framework\\src\\Illuminate\\Pipeline\\Pipeline.php(171): Illuminate\\Foundation\\Http\\Middleware\\CheckForMaintenanceMode->handle(Object(Illuminate\\Http\\Request), Object(Closure))
#42 D:\\xampp\\htdocs\\php18\\04_PHP_OOP_and_MVC\\13_L8_middleware\\laravel_students_v6\\vendor\\fideloper\\proxy\\src\\TrustProxies.php(57): Illuminate\\Pipeline\\Pipeline->Illuminate\\Pipeline\\{closure}(Object(Illuminate\\Http\\Request))
#43 D:\\xampp\\htdocs\\php18\\04_PHP_OOP_and_MVC\\13_L8_middleware\\laravel_students_v6\\vendor\\laravel\\framework\\src\\Illuminate\\Pipeline\\Pipeline.php(171): Fideloper\\Proxy\\TrustProxies->handle(Object(Illuminate\\Http\\Request), Object(Closure))
#44 D:\\xampp\\htdocs\\php18\\04_PHP_OOP_and_MVC\\13_L8_middleware\\laravel_students_v6\\vendor\\laravel\\framework\\src\\Illuminate\\Pipeline\\Pipeline.php(105): Illuminate\\Pipeline\\Pipeline->Illuminate\\Pipeline\\{closure}(Object(Illuminate\\Http\\Request))
#45 D:\\xampp\\htdocs\\php18\\04_PHP_OOP_and_MVC\\13_L8_middleware\\laravel_students_v6\\vendor\\laravel\\framework\\src\\Illuminate\\Foundation\\Http\\Kernel.php(151): Illuminate\\Pipeline\\Pipeline->then(Object(Closure))
#46 D:\\xampp\\htdocs\\php18\\04_PHP_OOP_and_MVC\\13_L8_middleware\\laravel_students_v6\\vendor\\laravel\\framework\\src\\Illuminate\\Foundation\\Http\\Kernel.php(116): Illuminate\\Foundation\\Http\\Kernel->sendRequestThroughRouter(Object(Illuminate\\Http\\Request))
#47 D:\\xampp\\htdocs\\php18\\04_PHP_OOP_and_MVC\\13_L8_middleware\\laravel_students_v6\\public\\index.php(55): Illuminate\\Foundation\\Http\\Kernel->handle(Object(Illuminate\\Http\\Request))
#48 {main}

[previous exception] [object] (InvalidArgumentException(code: 0): View [layouts.master] not found. at D:\\xampp\\htdocs\\php18\\04_PHP_OOP_and_MVC\\13_L8_middleware\\laravel_students_v6\\vendor\\laravel\\framework\\src\\Illuminate\\View\\FileViewFinder.php:137)
[stacktrace]
#0 D:\\xampp\\htdocs\\php18\\04_PHP_OOP_and_MVC\\13_L8_middleware\\laravel_students_v6\\vendor\\laravel\\framework\\src\\Illuminate\\View\\FileViewFinder.php(79): Illuminate\\View\\FileViewFinder->findInPaths('layouts.master', Array)
#1 D:\\xampp\\htdocs\\php18\\04_PHP_OOP_and_MVC\\13_L8_middleware\\laravel_students_v6\\vendor\\laravel\\framework\\src\\Illuminate\\View\\Factory.php(131): Illuminate\\View\\FileViewFinder->find('layouts.master')
#2 D:\\xampp\\htdocs\\php18\\04_PHP_OOP_and_MVC\\13_L8_middleware\\laravel_students_v6\\storage\\framework\\views\\7fdffbcab8908725b8417a730a7dbe0241315ce4.php(34): Illuminate\\View\\Factory->make('layouts.master', Array)
#3 D:\\xampp\\htdocs\\php18\\04_PHP_OOP_and_MVC\\13_L8_middleware\\laravel_students_v6\\vendor\\laravel\\framework\\src\\Illuminate\\View\\Engines\\PhpEngine.php(43): include('D:\\\\xampp\\\\htdocs...')
#4 D:\\xampp\\htdocs\\php18\\04_PHP_OOP_and_MVC\\13_L8_middleware\\laravel_students_v6\\vendor\\laravel\\framework\\src\\Illuminate\\View\\Engines\\CompilerEngine.php(59): Illuminate\\View\\Engines\\PhpEngine->evaluatePath('D:\\\\xampp\\\\htdocs...', Array)
#5 D:\\xampp\\htdocs\\php18\\04_PHP_OOP_and_MVC\\13_L8_middleware\\laravel_students_v6\\vendor\\facade\\ignition\\src\\Views\\Engines\\CompilerEngine.php(36): Illuminate\\View\\Engines\\CompilerEngine->get('D:\\\\xampp\\\\htdocs...', Array)
#6 D:\\xampp\\htdocs\\php18\\04_PHP_OOP_and_MVC\\13_L8_middleware\\laravel_students_v6\\vendor\\laravel\\framework\\src\\Illuminate\\View\\View.php(143): Facade\\Ignition\\Views\\Engines\\CompilerEngine->get('D:\\\\xampp\\\\htdocs...', Array)
#7 D:\\xampp\\htdocs\\php18\\04_PHP_OOP_and_MVC\\13_L8_middleware\\laravel_students_v6\\vendor\\laravel\\framework\\src\\Illuminate\\View\\View.php(126): Illuminate\\View\\View->getContents()
#8 D:\\xampp\\htdocs\\php18\\04_PHP_OOP_and_MVC\\13_L8_middleware\\laravel_students_v6\\vendor\\laravel\\framework\\src\\Illuminate\\View\\View.php(91): Illuminate\\View\\View->renderContents()
#9 D:\\xampp\\htdocs\\php18\\04_PHP_OOP_and_MVC\\13_L8_middleware\\laravel_students_v6\\vendor\\laravel\\framework\\src\\Illuminate\\Http\\Response.php(42): Illuminate\\View\\View->render()
#10 D:\\xampp\\htdocs\\php18\\04_PHP_OOP_and_MVC\\13_L8_middleware\\laravel_students_v6\\vendor\\symfony\\http-foundation\\Response.php(202): Illuminate\\Http\\Response->setContent(Object(Illuminate\\View\\View))
#11 D:\\xampp\\htdocs\\php18\\04_PHP_OOP_and_MVC\\13_L8_middleware\\laravel_students_v6\\vendor\\laravel\\framework\\src\\Illuminate\\Routing\\Router.php(748): Symfony\\Component\\HttpFoundation\\Response->__construct(Object(Illuminate\\View\\View))
#12 D:\\xampp\\htdocs\\php18\\04_PHP_OOP_and_MVC\\13_L8_middleware\\laravel_students_v6\\vendor\\laravel\\framework\\src\\Illuminate\\Routing\\Router.php(720): Illuminate\\Routing\\Router::toResponse(Object(Illuminate\\Http\\Request), Object(Illuminate\\View\\View))
#13 D:\\xampp\\htdocs\\php18\\04_PHP_OOP_and_MVC\\13_L8_middleware\\laravel_students_v6\\vendor\\laravel\\framework\\src\\Illuminate\\Routing\\Router.php(680): Illuminate\\Routing\\Router->prepareResponse(Object(Illuminate\\Http\\Request), Object(Illuminate\\View\\View))
#14 D:\\xampp\\htdocs\\php18\\04_PHP_OOP_and_MVC\\13_L8_middleware\\laravel_students_v6\\vendor\\laravel\\framework\\src\\Illuminate\\Pipeline\\Pipeline.php(130): Illuminate\\Routing\\Router->Illuminate\\Routing\\{closure}(Object(Illuminate\\Http\\Request))
#15 D:\\xampp\\htdocs\\php18\\04_PHP_OOP_and_MVC\\13_L8_middleware\\laravel_students_v6\\vendor\\laravel\\framework\\src\\Illuminate\\Routing\\Middleware\\SubstituteBindings.php(41): Illuminate\\Pipeline\\Pipeline->Illuminate\\Pipeline\\{closure}(Object(Illuminate\\Http\\Request))
#16 D:\\xampp\\htdocs\\php18\\04_PHP_OOP_and_MVC\\13_L8_middleware\\laravel_students_v6\\vendor\\laravel\\framework\\src\\Illuminate\\Pipeline\\Pipeline.php(171): Illuminate\\Routing\\Middleware\\SubstituteBindings->handle(Object(Illuminate\\Http\\Request), Object(Closure))
#17 D:\\xampp\\htdocs\\php18\\04_PHP_OOP_and_MVC\\13_L8_middleware\\laravel_students_v6\\vendor\\laravel\\framework\\src\\Illuminate\\Foundation\\Http\\Middleware\\VerifyCsrfToken.php(76): Illuminate\\Pipeline\\Pipeline->Illuminate\\Pipeline\\{closure}(Object(Illuminate\\Http\\Request))
#18 D:\\xampp\\htdocs\\php18\\04_PHP_OOP_and_MVC\\13_L8_middleware\\laravel_students_v6\\vendor\\laravel\\framework\\src\\Illuminate\\Pipeline\\Pipeline.php(171): Illuminate\\Foundation\\Http\\Middleware\\VerifyCsrfToken->handle(Object(Illuminate\\Http\\Request), Object(Closure))
#19 D:\\xampp\\htdocs\\php18\\04_PHP_OOP_and_MVC\\13_L8_middleware\\laravel_students_v6\\vendor\\laravel\\framework\\src\\Illuminate\\View\\Middleware\\ShareErrorsFromSession.php(49): Illuminate\\Pipeline\\Pipeline->Illuminate\\Pipeline\\{closure}(Object(Illuminate\\Http\\Request))
#20 D:\\xampp\\htdocs\\php18\\04_PHP_OOP_and_MVC\\13_L8_middleware\\laravel_students_v6\\vendor\\laravel\\framework\\src\\Illuminate\\Pipeline\\Pipeline.php(171): Illuminate\\View\\Middleware\\ShareErrorsFromSession->handle(Object(Illuminate\\Http\\Request), Object(Closure))
#21 D:\\xampp\\htdocs\\php18\\04_PHP_OOP_and_MVC\\13_L8_middleware\\laravel_students_v6\\vendor\\laravel\\framework\\src\\Illuminate\\Session\\Middleware\\StartSession.php(56): Illuminate\\Pipeline\\Pipeline->Illuminate\\Pipeline\\{closure}(Object(Illuminate\\Http\\Request))
#22 D:\\xampp\\htdocs\\php18\\04_PHP_OOP_and_MVC\\13_L8_middleware\\laravel_students_v6\\vendor\\laravel\\framework\\src\\Illuminate\\Pipeline\\Pipeline.php(171): Illuminate\\Session\\Middleware\\StartSession->handle(Object(Illuminate\\Http\\Request), Object(Closure))
#23 D:\\xampp\\htdocs\\php18\\04_PHP_OOP_and_MVC\\13_L8_middleware\\laravel_students_v6\\vendor\\laravel\\framework\\src\\Illuminate\\Cookie\\Middleware\\AddQueuedCookiesToResponse.php(37): Illuminate\\Pipeline\\Pipeline->Illuminate\\Pipeline\\{closure}(Object(Illuminate\\Http\\Request))
#24 D:\\xampp\\htdocs\\php18\\04_PHP_OOP_and_MVC\\13_L8_middleware\\laravel_students_v6\\vendor\\laravel\\framework\\src\\Illuminate\\Pipeline\\Pipeline.php(171): Illuminate\\Cookie\\Middleware\\AddQueuedCookiesToResponse->handle(Object(Illuminate\\Http\\Request), Object(Closure))
#25 D:\\xampp\\htdocs\\php18\\04_PHP_OOP_and_MVC\\13_L8_middleware\\laravel_students_v6\\vendor\\laravel\\framework\\src\\Illuminate\\Cookie\\Middleware\\EncryptCookies.php(66): Illuminate\\Pipeline\\Pipeline->Illuminate\\Pipeline\\{closure}(Object(Illuminate\\Http\\Request))
#26 D:\\xampp\\htdocs\\php18\\04_PHP_OOP_and_MVC\\13_L8_middleware\\laravel_students_v6\\vendor\\laravel\\framework\\src\\Illuminate\\Pipeline\\Pipeline.php(171): Illuminate\\Cookie\\Middleware\\EncryptCookies->handle(Object(Illuminate\\Http\\Request), Object(Closure))
#27 D:\\xampp\\htdocs\\php18\\04_PHP_OOP_and_MVC\\13_L8_middleware\\laravel_students_v6\\vendor\\laravel\\framework\\src\\Illuminate\\Pipeline\\Pipeline.php(105): Illuminate\\Pipeline\\Pipeline->Illuminate\\Pipeline\\{closure}(Object(Illuminate\\Http\\Request))
#28 D:\\xampp\\htdocs\\php18\\04_PHP_OOP_and_MVC\\13_L8_middleware\\laravel_students_v6\\vendor\\laravel\\framework\\src\\Illuminate\\Routing\\Router.php(682): Illuminate\\Pipeline\\Pipeline->then(Object(Closure))
#29 D:\\xampp\\htdocs\\php18\\04_PHP_OOP_and_MVC\\13_L8_middleware\\laravel_students_v6\\vendor\\laravel\\framework\\src\\Illuminate\\Routing\\Router.php(657): Illuminate\\Routing\\Router->runRouteWithinStack(Object(Illuminate\\Routing\\Route), Object(Illuminate\\Http\\Request))
#30 D:\\xampp\\htdocs\\php18\\04_PHP_OOP_and_MVC\\13_L8_middleware\\laravel_students_v6\\vendor\\laravel\\framework\\src\\Illuminate\\Routing\\Router.php(623): Illuminate\\Routing\\Router->runRoute(Object(Illuminate\\Http\\Request), Object(Illuminate\\Routing\\Route))
#31 D:\\xampp\\htdocs\\php18\\04_PHP_OOP_and_MVC\\13_L8_middleware\\laravel_students_v6\\vendor\\laravel\\framework\\src\\Illuminate\\Routing\\Router.php(612): Illuminate\\Routing\\Router->dispatchToRoute(Object(Illuminate\\Http\\Request))
#32 D:\\xampp\\htdocs\\php18\\04_PHP_OOP_and_MVC\\13_L8_middleware\\laravel_students_v6\\vendor\\laravel\\framework\\src\\Illuminate\\Foundation\\Http\\Kernel.php(176): Illuminate\\Routing\\Router->dispatch(Object(Illuminate\\Http\\Request))
#33 D:\\xampp\\htdocs\\php18\\04_PHP_OOP_and_MVC\\13_L8_middleware\\laravel_students_v6\\vendor\\laravel\\framework\\src\\Illuminate\\Pipeline\\Pipeline.php(130): Illuminate\\Foundation\\Http\\Kernel->Illuminate\\Foundation\\Http\\{closure}(Object(Illuminate\\Http\\Request))
#34 D:\\xampp\\htdocs\\php18\\04_PHP_OOP_and_MVC\\13_L8_middleware\\laravel_students_v6\\vendor\\laravel\\framework\\src\\Illuminate\\Foundation\\Http\\Middleware\\TransformsRequest.php(21): Illuminate\\Pipeline\\Pipeline->Illuminate\\Pipeline\\{closure}(Object(Illuminate\\Http\\Request))
#35 D:\\xampp\\htdocs\\php18\\04_PHP_OOP_and_MVC\\13_L8_middleware\\laravel_students_v6\\vendor\\laravel\\framework\\src\\Illuminate\\Pipeline\\Pipeline.php(171): Illuminate\\Foundation\\Http\\Middleware\\TransformsRequest->handle(Object(Illuminate\\Http\\Request), Object(Closure))
#36 D:\\xampp\\htdocs\\php18\\04_PHP_OOP_and_MVC\\13_L8_middleware\\laravel_students_v6\\vendor\\laravel\\framework\\src\\Illuminate\\Foundation\\Http\\Middleware\\TransformsRequest.php(21): Illuminate\\Pipeline\\Pipeline->Illuminate\\Pipeline\\{closure}(Object(Illuminate\\Http\\Request))
#37 D:\\xampp\\htdocs\\php18\\04_PHP_OOP_and_MVC\\13_L8_middleware\\laravel_students_v6\\vendor\\laravel\\framework\\src\\Illuminate\\Pipeline\\Pipeline.php(171): Illuminate\\Foundation\\Http\\Middleware\\TransformsRequest->handle(Object(Illuminate\\Http\\Request), Object(Closure))
#38 D:\\xampp\\htdocs\\php18\\04_PHP_OOP_and_MVC\\13_L8_middleware\\laravel_students_v6\\vendor\\laravel\\framework\\src\\Illuminate\\Foundation\\Http\\Middleware\\ValidatePostSize.php(27): Illuminate\\Pipeline\\Pipeline->Illuminate\\Pipeline\\{closure}(Object(Illuminate\\Http\\Request))
#39 D:\\xampp\\htdocs\\php18\\04_PHP_OOP_and_MVC\\13_L8_middleware\\laravel_students_v6\\vendor\\laravel\\framework\\src\\Illuminate\\Pipeline\\Pipeline.php(171): Illuminate\\Foundation\\Http\\Middleware\\ValidatePostSize->handle(Object(Illuminate\\Http\\Request), Object(Closure))
#40 D:\\xampp\\htdocs\\php18\\04_PHP_OOP_and_MVC\\13_L8_middleware\\laravel_students_v6\\vendor\\laravel\\framework\\src\\Illuminate\\Foundation\\Http\\Middleware\\CheckForMaintenanceMode.php(62): Illuminate\\Pipeline\\Pipeline->Illuminate\\Pipeline\\{closure}(Object(Illuminate\\Http\\Request))
#41 D:\\xampp\\htdocs\\php18\\04_PHP_OOP_and_MVC\\13_L8_middleware\\laravel_students_v6\\vendor\\laravel\\framework\\src\\Illuminate\\Pipeline\\Pipeline.php(171): Illuminate\\Foundation\\Http\\Middleware\\CheckForMaintenanceMode->handle(Object(Illuminate\\Http\\Request), Object(Closure))
#42 D:\\xampp\\htdocs\\php18\\04_PHP_OOP_and_MVC\\13_L8_middleware\\laravel_students_v6\\vendor\\fideloper\\proxy\\src\\TrustProxies.php(57): Illuminate\\Pipeline\\Pipeline->Illuminate\\Pipeline\\{closure}(Object(Illuminate\\Http\\Request))
#43 D:\\xampp\\htdocs\\php18\\04_PHP_OOP_and_MVC\\13_L8_middleware\\laravel_students_v6\\vendor\\laravel\\framework\\src\\Illuminate\\Pipeline\\Pipeline.php(171): Fideloper\\Proxy\\TrustProxies->handle(Object(Illuminate\\Http\\Request), Object(Closure))
#44 D:\\xampp\\htdocs\\php18\\04_PHP_OOP_and_MVC\\13_L8_middleware\\laravel_students_v6\\vendor\\laravel\\framework\\src\\Illuminate\\Pipeline\\Pipeline.php(105): Illuminate\\Pipeline\\Pipeline->Illuminate\\Pipeline\\{closure}(Object(Illuminate\\Http\\Request))
#45 D:\\xampp\\htdocs\\php18\\04_PHP_OOP_and_MVC\\13_L8_middleware\\laravel_students_v6\\vendor\\laravel\\framework\\src\\Illuminate\\Foundation\\Http\\Kernel.php(151): Illuminate\\Pipeline\\Pipeline->then(Object(Closure))
#46 D:\\xampp\\htdocs\\php18\\04_PHP_OOP_and_MVC\\13_L8_middleware\\laravel_students_v6\\vendor\\laravel\\framework\\src\\Illuminate\\Foundation\\Http\\Kernel.php(116): Illuminate\\Foundation\\Http\\Kernel->sendRequestThroughRouter(Object(Illuminate\\Http\\Request))
#47 D:\\xampp\\htdocs\\php18\\04_PHP_OOP_and_MVC\\13_L8_middleware\\laravel_students_v6\\public\\index.php(55): Illuminate\\Foundation\\Http\\Kernel->handle(Object(Illuminate\\Http\\Request))
#48 {main}
"} 
